2025-05-23T15:10:37+00:00 - SESSION: Array
(
    [lang] => es
    [products] => Array
        (
            [HILOS-150] => 0
            [HILOS-151] => 0
            [HILOS-152] => 0
            [HILOS-153] => 0
            [HILOS-154] => 0
            [HILOS-155] => 0
            [HILOS-156] => 0
            [HILOS-157] => 0
            [HILOS-158] => 0
            [HILOS-159] => 0
            [HILOS-160] => 0
            [HILOS-161] => 0
            [HILOS-162] => 0
            [HILOS-163] => 0
            [HILOS-164] => 0
            [HILOS-165] => 0
            [HILOS-166] => 0
            [HILOS-167] => 0
            [HILOS-168] => 0
            [HILOS-169] => 0
            [HILOS-208] => 0
            [HILOS-209] => 0
            [HILOS-210] => 0
            [HILOS-211] => 0
            [HILOS-221] => 0
            [HILOS-223] => 0
            [HILOS-224] => 0
            [HILOS-225] => 0
            [HILOS-300] => 0
            [HILOS-301] => 0
            [HILOS-304] => 0
            [HILOS-307] => 0
            [HILOS-309] => 0
            [HILOS-310] => 0
            [HILOS-311] => 0
            [HILOS-312] => 0
            [HILOS-315] => 0
            [HILOS-316] => 0
            [HILOS-317] => 0
            [HILOS-318] => 0
            [HILOS-319] => 0
            [HILOS-320] => 0
            [HILOS-321] => 0
            [HILOS-322] => 0
            [HILOS-326] => 0
            [HILOS-327] => 0
            [HILOS-333] => 0
            [HILOS-334] => 0
            [HILOS-335] => 0
            [HILOS-336] => 0
            [HILOS-340] => 0
            [HILOS-341] => 0
            [HILOS-347] => 0
            [HILOS-349] => 0
            [HILOS-350] => 0
            [HILOS-351] => 0
            [HILOS-352] => 0
            [HILOS-353] => 0
            [HILOS-355] => 0
            [HILOS-356] => 0
            [HILOS-367] => 0
            [HILOS-368] => 0
            [HILOS-369] => 0
            [HILOS-370] => 0
            [HILOS-371] => 0
            [HILOS-372] => 0
            [HILOS-400] => 0
            [HILOS-402] => 0
            [HILOS-407] => 0
            [HILOS-413] => 0
            [HILOS-414] => 0
            [HILOS-415] => 0
            [HILOS-420] => 0
            [HILOS-422] => 0
            [HILOS-433] => 0
            [HILOS-434] => 0
            [HILOS-435] => 0
            [HILOS-436] => 0
            [HILOS-437] => 0
            [HILOS-444] => 0
            [HILOS-445] => 0
            [HILOS-451] => 0
            [HILOS-452] => 0
            [HILOS-453] => 0
            [HILOS-469] => 0
            [HILOS-470] => 0
            [HILOS-471] => 0
            [HILOS-472] => 0
            [HILOS-498] => 0
            [HILOS-500] => 0
            [HILOS-501] => 0
            [HILOS-502] => 0
            [HILOS-503] => 0
            [HILOS-505] => 0
            [HILOS-517] => 0
            [HILOS-518] => 0
            [HILOS-519] => 0
            [HILOS-520] => 0
            [HILOS-522] => 0
            [HILOS-523] => 0
            [HILOS-524] => 0
            [HILOS-535] => 0
            [HILOS-543] => 0
            [HILOS-550] => 0
            [HILOS-552] => 0
            [HILOS-553] => 0
            [HILOS-554] => 0
            [HILOS-561] => 0
            [HILOS-562] => 0
            [HILOS-563] => 0
            [HILOS-564] => 0
            [HILOS-580] => 0
            [HILOS-581] => 0
            [HILOS-597] => 0
            [HILOS-598] => 0
            [HILOS-600] => 0
            [HILOS-601] => 0
            [HILOS-602] => 0
            [HILOS-603] => 0
            [HILOS-604] => 0
            [HILOS-605] => 0
            [HILOS-606] => 0
            [HILOS-608] => 0
            [HILOS-610] => 0
            [HILOS-611] => 0
            [HILOS-612] => 0
            [HILOS-613] => 0
            [HILOS-632] => 0
            [HILOS-640] => 0
            [HILOS-642] => 0
            [HILOS-644] => 0
            [HILOS-645] => 0
            [HILOS-646] => 0
            [HILOS-647] => 0
            [HILOS-648] => 0
            [HILOS-666] => 0
            [HILOS-676] => 0
            [HILOS-677] => 0
            [HILOS-680] => 0
            [HILOS-699] => 0
            [HILOS-700] => 0
            [HILOS-701] => 0
            [HILOS-702] => 0
            [HILOS-703] => 0
            [HILOS-704] => 0
            [HILOS-712] => 0
            [HILOS-718] => 0
            [HILOS-720] => 0
            [HILOS-721] => 0
            [HILOS-722] => 0
            [HILOS-725] => 0
            [HILOS-726] => 0
            [HILOS-727] => 0
            [HILOS-728] => 0
            [HILOS-729] => 0
            [HILOS-730] => 0
            [HILOS-732] => 0
            [HILOS-733] => 0
            [HILOS-734] => 0
            [HILOS-738] => 0
            [HILOS-739] => 0
            [HILOS-740] => 0
            [HILOS-741] => 0
            [HILOS-742] => 0
            [HILOS-743] => 0
            [HILOS-744] => 0
            [HILOS-745] => 0
            [HILOS-746] => 0
            [HILOS-747] => 0
            [HILOS-754] => 0
            [HILOS-758] => 0
            [HILOS-760] => 0
            [HILOS-761] => 0
            [HILOS-762] => 0
            [HILOS-772] => 0
            [HILOS-775] => 0
            [HILOS-777] => 0
            [HILOS-778] => 0
            [HILOS-779] => 0
            [HILOS-780] => 0
            [HILOS-782] => 0
            [HILOS-783] => 0
            [HILOS-791] => 0
            [HILOS-792] => 0
            [HILOS-793] => 0
            [HILOS-794] => 0
            [HILOS-796] => 0
            [HILOS-797] => 0
            [HILOS-798] => 0
            [HILOS-799] => 0
            [HILOS-800] => 0
            [HILOS-801] => 0
            [HILOS-803] => 0
            [HILOS-807] => 0
            [HILOS-809] => 0
            [HILOS-813] => 0
            [HILOS-814] => 0
            [HILOS-815] => 0
            [HILOS-816] => 0
            [HILOS-817] => 0
            [HILOS-818] => 0
            [HILOS-819] => 0
            [HILOS-820] => 0
            [HILOS-822] => 0
            [HILOS-823] => 0
            [HILOS-824] => 0
            [HILOS-825] => 0
            [HILOS-826] => 0
            [HILOS-827] => 0
            [HILOS-828] => 0
            [HILOS-829] => 0
            [HILOS-830] => 0
            [HILOS-831] => 0
            [HILOS-832] => 0
            [HILOS-833] => 0
            [HILOS-834] => 0
            [HILOS-838] => 0
            [HILOS-839] => 0
            [HILOS-840] => 0
            [HILOS-841] => 0
            [HILOS-842] => 0
            [HILOS-844] => 0
            [HILOS-869] => 0
            [HILOS-890] => 0
            [HILOS-891] => 0
            [HILOS-892] => 0
            [HILOS-893] => 0
            [HILOS-894] => 0
            [HILOS-895] => 0
            [HILOS-898] => 0
            [HILOS-899] => 0
            [HILOS-900] => 0
            [HILOS-902] => 0
            [HILOS-904] => 0
            [HILOS-905] => 0
            [HILOS-906] => 0
            [HILOS-907] => 0
            [HILOS-909] => 0
            [HILOS-910] => 0
            [HILOS-911] => 0
            [HILOS-912] => 0
            [HILOS-913] => 0
            [HILOS-915] => 0
            [HILOS-917] => 0
            [HILOS-918] => 0
            [HILOS-919] => 0
            [HILOS-920] => 0
            [HILOS-921] => 0
            [HILOS-922] => 0
            [HILOS-924] => 0
            [HILOS-926] => 0
            [HILOS-927] => 0
            [HILOS-928] => 0
            [HILOS-930] => 0
            [HILOS-931] => 0
            [HILOS-932] => 0
            [HILOS-934] => 0
            [HILOS-935] => 0
            [HILOS-936] => 0
            [HILOS-937] => 0
            [HILOS-938] => 0
            [HILOS-939] => 0
            [HILOS-943] => 0
            [HILOS-945] => 0
            [HILOS-946] => 0
            [HILOS-947] => 0
            [HILOS-948] => 0
            [HILOS-950] => 0
            [HILOS-951] => 0
            [HILOS-954] => 0
            [HILOS-955] => 0
            [HILOS-956] => 0
            [HILOS-957] => 0
            [HILOS-958] => 0
            [HILOS-959] => 0
            [HILOS-961] => 0
            [HILOS-962] => 0
            [HILOS-963] => 0
            [HILOS-964] => 0
            [HILOS-966] => 0
            [HILOS-967] => 0
            [HILOS-970] => 0
            [HILOS-972] => 0
            [HILOS-973] => 0
            [HILOS-975] => 0
            [HILOS-976] => 0
            [HILOS-977] => 0
            [HILOS-986] => 0
            [HILOS-987] => 0
            [HILOS-988] => 0
            [HILOS-989] => 0
            [HILOS-991] => 0
            [HILOS-992] => 0
            [HILOS-993] => 0
            [HILOS-995] => 0
            [HILOS-996] => 0
            [HILOS-3011] => 0
            [HILOS-3012] => 0
            [HILOS-3013] => 0
            [HILOS-3021] => 0
            [HILOS-3022] => 0
            [HILOS-3023] => 0
            [HILOS-3024] => 0
            [HILOS-3031] => 0
            [HILOS-3032] => 0
            [HILOS-3033] => 0
            [HILOS-3041] => 0
            [HILOS-3042] => 0
            [HILOS-3045] => 0
            [HILOS-3046] => 0
            [HILOS-3047] => 0
            [HILOS-3051] => 0
            [HILOS-3052] => 0
            [HILOS-3053] => 0
            [HILOS-3064] => 0
            [HILOS-3072] => 0
            [HILOS-3078] => 0
            [HILOS-3325] => 0
            [HILOS-3326] => 0
            [HILOS-3328] => 0
            [HILOS-3340] => 0
            [HILOS-3341] => 0
            [HILOS-3345] => 0
            [HILOS-3346] => 0
            [HILOS-3347] => 0
            [HILOS-3348] => 0
            [HILOS-3350] => 0
            [HILOS-3354] => 0
            [HILOS-3362] => 0
            [HILOS-3363] => 0
            [HILOS-3364] => 0
            [HILOS-3371] => 0
            [HILOS-3607] => 0
            [HILOS-3608] => 0
            [HILOS-3609] => 0
            [HILOS-3685] => 0
            [HILOS-3687] => 0
            [HILOS-3688] => 0
            [HILOS-3689] => 0
            [HILOS-3705] => 0
            [HILOS-3706] => 0
            [HILOS-3708] => 0
            [HILOS-3712] => 0
            [HILOS-3713] => 0
            [HILOS-3716] => 0
            [HILOS-3721] => 0
            [HILOS-3722] => 0
            [HILOS-3726] => 0
            [HILOS-3727] => 0
            [HILOS-3731] => 0
            [HILOS-3733] => 0
            [HILOS-3740] => 0
            [HILOS-3743] => 0
            [HILOS-3746] => 0
            [HILOS-3747] => 0
            [HILOS-3750] => 0
            [HILOS-3752] => 0
            [HILOS-3753] => 0
            [HILOS-3755] => 0
            [HILOS-3756] => 0
            [HILOS-3760] => 0
            [HILOS-3761] => 0
            [HILOS-3765] => 0
            [HILOS-3766] => 0
            [HILOS-3768] => 0
            [HILOS-3770] => 0
            [HILOS-3771] => 0
            [HILOS-3772] => 0
            [HILOS-3774] => 0
            [HILOS-3776] => 0
            [HILOS-3777] => 0
            [HILOS-3778] => 0
            [HILOS-3779] => 0
            [HILOS-3781] => 0
            [HILOS-3782] => 0
            [HILOS-3787] => 0
            [HILOS-3790] => 0
            [HILOS-3799] => 0
            [HILOS-3801] => 0
            [HILOS-3802] => 0
            [HILOS-3803] => 0
            [HILOS-3804] => 0
            [HILOS-3805] => 0
            [HILOS-3806] => 0
            [HILOS-3807] => 0
            [HILOS-3808] => 0
            [HILOS-3809] => 0
            [HILOS-3810] => 0
            [HILOS-3811] => 0
            [HILOS-3812] => 0
            [HILOS-3813] => 0
            [HILOS-3814] => 0
            [HILOS-3815] => 0
            [HILOS-3816] => 0
            [HILOS-3817] => 0
            [HILOS-3818] => 0
            [HILOS-3819] => 0
            [HILOS-3820] => 0
            [HILOS-3821] => 0
            [HILOS-3822] => 0
            [HILOS-3823] => 0
            [HILOS-3824] => 0
            [HILOS-3825] => 0
            [HILOS-3826] => 0
            [HILOS-3827] => 0
            [HILOS-3828] => 0
            [HILOS-3829] => 0
            [HILOS-3830] => 0
            [HILOS-3831] => 0
            [HILOS-3832] => 0
            [HILOS-3833] => 0
            [HILOS-3834] => 0
            [HILOS-3835] => 0
            [HILOS-3836] => 0
            [HILOS-3837] => 0
            [HILOS-3838] => 0
            [HILOS-3839] => 0
            [HILOS-3840] => 0
            [HILOS-3841] => 0
            [HILOS-3842] => 0
            [HILOS-3843] => 0
            [HILOS-3844] => 0
            [HILOS-3845] => 0
            [HILOS-3846] => 0
            [HILOS-3847] => 0
            [HILOS-3848] => 0
            [HILOS-3849] => 0
            [HILOS-3850] => 0
            [HILOS-3851] => 0
            [HILOS-3852] => 0
            [HILOS-3853] => 0
            [HILOS-3854] => 0
            [HILOS-3855] => 0
            [HILOS-3856] => 0
            [HILOS-3857] => 0
            [HILOS-3858] => 0
            [HILOS-3859] => 0
            [HILOS-3860] => 0
            [HILOS-3861] => 0
            [HILOS-3862] => 0
            [HILOS-3863] => 0
            [HILOS-3864] => 0
            [HILOS-3865] => 0
            [HILOS-3866] => 0
            [HILOS-B5200] => 04
            [HILOS-ECRU] => 4
            [HILOS-WHITE] => 4
        )

    [customer] => Array
        (
            [nombre] => 4
            [apellido] => 4
            [direccion] => 4
            [poblacion] => 4
            [provincia] => 4
            [codigo_postal] => 4
            [pais] => España
            [email] => rahmat@syaiman.com
            [telefono] => 9
            [mensaje] => es SP bizum
            [como_conocio] => Google
        )

    [order_id] => hilos-5890
    [metodo_pago] => bizum
    [subtotal] => 7.8
    [shipping] => 6.5
    [total] => 14.3
    [order] => Array
        (
            [order_id] => hilos-5890
            [total] => 14.3
            [payment] => bizum
        )

)

2025-05-23T15:10:37+00:00 - Params: {"Ds_Merchant_Amount":"143000","Ds_Merchant_Order":"00hilos-5890","Ds_Merchant_MerchantCode":null,"Ds_Merchant_Currency":null,"Ds_Merchant_TransactionType":"0","Ds_Merchant_Terminal":null,"Ds_Merchant_MerchantURL":"https://compra.hilosrosace.es/bizum-response.php","Ds_Merchant_UrlOK":"https://compra.hilosrosace.es/done.php","Ds_Merchant_UrlKO":"https://compra.hilosrosace.es/done.php","Ds_Merchant_ConsumerLanguage":"001","Ds_Merchant_ProductDescription":"Pedido de hilo","Ds_Merchant_MerchantName":"Hilos Rosace"}
