# Email Success Log
# -----------------
# Format: [TYPE][OrderID] Message
# Example: [ADMIN][hilos-1234] Email sent successfully
[ADMIN][hilos-3582] Email sent successfully
[CUSTOMER][hilos-3582] Email sent successfully
[OK][hilos-9999] Email admin enviado
[OK][hilos-9999] Email admin enviado
[OK][hilos-8888] Email cliente enviado
[OK][hilos-8888] Email cliente enviado
[OK][hilos-6688] Email admin enviado
[OK][hilos-6688] Email cliente enviado
[OK][hilos-8498] Email admin enviado
[OK][hilos-8498] Email cliente enviado
[OK][hilos-4526] Email admin enviado
[OK][hilos-4526] Email cliente enviado
[OK][hilos-5706] Email admin enviado
[OK][hilos-5706] Email cliente enviado
[OK][hilos-8376] Email admin enviado
[OK][hilos-8376] Email cliente enviado
[OK][hilos-1547] Email admin enviado
[OK][hilos-1547] Email cliente enviado
[OK][hilos-5131] Email admin enviado
[OK][hilos-5131] Email cliente enviado
[OK][hilos-9228] Email admin enviado
[OK][hilos-9228] Email cliente enviado
[OK][hilos-9506] Email admin enviado
[OK][hilos-9506] Email cliente enviado
[OK][hilos-1917] Email admin enviado
[OK][hilos-1917] Email cliente enviado
[OK][hilos-5890] Email admin enviado
[OK][hilos-5890] Email cliente enviado
